<?xml version="1.0" encoding="UTF-8"?>
<!-- Generated by org.testng.reporters.JUnitReportReporter -->
<testsuite hostname="ISIPLMUMLP144" failures="0" tests="2" name="demo.site.EnrollmentForm" time="7.318" errors="0" timestamp="2022-08-23T12:38:19 IST" skipped="0">
  <testcase classname="demo.site.EnrollmentForm" name="abox" time="7.227"/>
  <system-out/>
  <testcase classname="demo.site.EnrollmentForm" name="ahc" time="0.091"/>
  <system-out/>
</testsuite> <!-- demo.site.EnrollmentForm -->
